Compiled jquery.js  (0ms)  (pid 7705)
Compiled jquery_ujs.js  (0ms)  (pid 7705)
Compiled bootstrap-dropdown.js  (0ms)  (pid 7705)
Compiled bootstrap-collapse.js  (0ms)  (pid 7705)
Compiled jquery-ui-1.8.18.core_widget_mouse_draggable_droppable_sortable.min.js  (0ms)  (pid 7705)
Compiled init.js  (426ms)  (pid 7705)
Compiled kalendae.js  (0ms)  (pid 7705)
Compiled ajax_calls.js  (0ms)  (pid 7705)
Compiled jquery.idTabs.min.js  (0ms)  (pid 7705)
Compiled jquery.raty.min.js  (0ms)  (pid 7705)
Compiled jquery.ui.widget.js  (0ms)  (pid 7705)
Compiled assignments.js  (183ms)  (pid 7705)
Compiled lectures.js  (237ms)  (pid 7705)
Compiled mathjax_delay_renderer.js  (130ms)  (pid 7705)
Compiled json2.js  (0ms)  (pid 7705)
Compiled showdown.js  (0ms)  (pid 7705)
Compiled sprintf.js  (0ms)  (pid 7705)
Compiled xregexp-min.js  (0ms)  (pid 7705)
Compiled question_editor/question_editor.js  (187ms)  (pid 7705)
Compiled question_editor/question.js  (221ms)  (pid 7705)
Compiled question_editor/assignment.js  (132ms)  (pid 7705)
Compiled question_editor/question_group.js  (133ms)  (pid 7705)
Compiled question_editor/simple_choice_question.js  (177ms)  (pid 7705)
Compiled question_editor/custom_html_choice_question.js  (143ms)  (pid 7705)
Compiled question_editor/freeform_questions.js  (141ms)  (pid 7705)
Compiled questions.js  (1658ms)  (pid 7705)
Compiled jquery.tokeninput.js  (0ms)  (pid 7705)
Compiled tokeninput.js  (0ms)  (pid 7705)
Compiled page_specific_execution.js  (117ms)  (pid 7705)
Compiled application.js  (2958ms)  (pid 7705)
Compiled pagination.css  (0ms)  (pid 7705)
Compiled accounts.css  (502ms)  (pid 7705)
Compiled activity.css  (1ms)  (pid 7705)
Compiled assignments.css  (819ms)  (pid 7705)
Compiled comments.css  (1ms)  (pid 7705)
Compiled course_memberships.css  (0ms)  (pid 7705)
Compiled courses.css  (4ms)  (pid 7705)
Compiled forum-monster.css  (0ms)  (pid 7705)
Compiled jquery.ui.accordion.css  (0ms)  (pid 7705)
Compiled jquery.ui.all.css  (0ms)  (pid 7705)
Compiled jquery.ui.autocomplete.css  (0ms)  (pid 7705)
Compiled jquery.ui.base.css  (0ms)  (pid 7705)
Compiled jquery.ui.button.css  (0ms)  (pid 7705)
Compiled jquery.ui.core.css  (0ms)  (pid 7705)
Compiled jquery.ui.datepicker.css  (0ms)  (pid 7705)
Compiled jquery.ui.dialog.css  (0ms)  (pid 7705)
Compiled jquery.ui.menu.css  (0ms)  (pid 7705)
Compiled jquery.ui.progressbar.css  (0ms)  (pid 7705)
Compiled jquery.ui.resizable.css  (0ms)  (pid 7705)
Compiled jquery.ui.selectable.css  (0ms)  (pid 7705)
Compiled jquery.ui.slider.css  (0ms)  (pid 7705)
Compiled jquery.ui.spinner.css  (0ms)  (pid 7705)
Compiled jquery.ui.tabs.css  (0ms)  (pid 7705)
Compiled jquery.ui.theme.css  (0ms)  (pid 7705)
Compiled jquery.ui.tooltip.css  (0ms)  (pid 7705)
Compiled layout.css  (1666ms)  (pid 7705)
Compiled kalendae.css  (0ms)  (pid 7705)
Compiled lectures.css  (212ms)  (pid 7705)
Compiled partials/_base.css  (1ms)  (pid 7705)
Compiled partials/_mixins.css  (184ms)  (pid 7705)
Compiled password_resets.css  (0ms)  (pid 7705)
Compiled profile.css  (0ms)  (pid 7705)
Compiled question_submissions.css  (0ms)  (pid 7705)
Compiled questions.css  (351ms)  (pid 7705)
Compiled rubric_items.css  (0ms)  (pid 7705)
Compiled table_ordering.css  (0ms)  (pid 7705)
Compiled tags.css  (0ms)  (pid 7705)
Compiled token-input-facebook.css  (0ms)  (pid 7705)
Compiled token-input-mac.css  (0ms)  (pid 7705)
Compiled token-input.css  (0ms)  (pid 7705)
Compiled user.css  (0ms)  (pid 7705)
Compiled user_sessions.css  (122ms)  (pid 7705)
Compiled users.css  (0ms)  (pid 7705)
Compiled application.css  (4071ms)  (pid 7705)
Compiled jquery.js  (0ms)  (pid 7705)
Compiled jquery_ujs.js  (0ms)  (pid 7705)
Compiled bootstrap-dropdown.js  (0ms)  (pid 7705)
Compiled bootstrap-collapse.js  (0ms)  (pid 7705)
Compiled jquery-ui-1.8.18.core_widget_mouse_draggable_droppable_sortable.min.js  (0ms)  (pid 7705)
Compiled init.js  (102ms)  (pid 7705)
Compiled kalendae.js  (1ms)  (pid 7705)
Compiled ajax_calls.js  (0ms)  (pid 7705)
Compiled jquery.idTabs.min.js  (0ms)  (pid 7705)
Compiled jquery.raty.min.js  (0ms)  (pid 7705)
Compiled jquery.ui.widget.js  (0ms)  (pid 7705)
Compiled assignments.js  (202ms)  (pid 7705)
Compiled lectures.js  (237ms)  (pid 7705)
Compiled mathjax_delay_renderer.js  (141ms)  (pid 7705)
Compiled json2.js  (0ms)  (pid 7705)
Compiled showdown.js  (0ms)  (pid 7705)
Compiled sprintf.js  (0ms)  (pid 7705)
Compiled xregexp-min.js  (0ms)  (pid 7705)
Compiled question_editor/question_editor.js  (186ms)  (pid 7705)
Compiled question_editor/question.js  (201ms)  (pid 7705)
Compiled question_editor/assignment.js  (167ms)  (pid 7705)
Compiled question_editor/question_group.js  (133ms)  (pid 7705)
Compiled question_editor/simple_choice_question.js  (176ms)  (pid 7705)
Compiled question_editor/custom_html_choice_question.js  (133ms)  (pid 7705)
Compiled question_editor/freeform_questions.js  (154ms)  (pid 7705)
Compiled questions.js  (1604ms)  (pid 7705)
Compiled jquery.tokeninput.js  (1ms)  (pid 7705)
Compiled tokeninput.js  (0ms)  (pid 7705)
Compiled page_specific_execution.js  (115ms)  (pid 7705)
Compiled application.js  (2520ms)  (pid 7705)
Compiled pagination.css  (0ms)  (pid 7705)
Compiled accounts.css  (460ms)  (pid 7705)
Compiled activity.css  (1ms)  (pid 7705)
Compiled assignments.css  (809ms)  (pid 7705)
Compiled comments.css  (1ms)  (pid 7705)
Compiled course_memberships.css  (0ms)  (pid 7705)
Compiled courses.css  (4ms)  (pid 7705)
Compiled forum-monster.css  (0ms)  (pid 7705)
Compiled jquery.ui.accordion.css  (0ms)  (pid 7705)
Compiled jquery.ui.all.css  (0ms)  (pid 7705)
Compiled jquery.ui.autocomplete.css  (0ms)  (pid 7705)
Compiled jquery.ui.base.css  (0ms)  (pid 7705)
Compiled jquery.ui.button.css  (0ms)  (pid 7705)
Compiled jquery.ui.core.css  (0ms)  (pid 7705)
Compiled jquery.ui.datepicker.css  (0ms)  (pid 7705)
Compiled jquery.ui.dialog.css  (0ms)  (pid 7705)
Compiled jquery.ui.menu.css  (0ms)  (pid 7705)
Compiled jquery.ui.progressbar.css  (0ms)  (pid 7705)
Compiled jquery.ui.resizable.css  (0ms)  (pid 7705)
Compiled jquery.ui.selectable.css  (0ms)  (pid 7705)
Compiled jquery.ui.slider.css  (0ms)  (pid 7705)
Compiled jquery.ui.spinner.css  (0ms)  (pid 7705)
Compiled jquery.ui.tabs.css  (0ms)  (pid 7705)
Compiled jquery.ui.theme.css  (0ms)  (pid 7705)
Compiled jquery.ui.tooltip.css  (0ms)  (pid 7705)
Compiled layout.css  (1608ms)  (pid 7705)
Compiled kalendae.css  (0ms)  (pid 7705)
Compiled lectures.css  (215ms)  (pid 7705)
Compiled partials/_base.css  (1ms)  (pid 7705)
Compiled partials/_mixins.css  (169ms)  (pid 7705)
Compiled password_resets.css  (0ms)  (pid 7705)
Compiled profile.css  (0ms)  (pid 7705)
Compiled question_submissions.css  (0ms)  (pid 7705)
Compiled questions.css  (386ms)  (pid 7705)
Compiled rubric_items.css  (0ms)  (pid 7705)
Compiled table_ordering.css  (0ms)  (pid 7705)
Compiled tags.css  (0ms)  (pid 7705)
Compiled token-input-facebook.css  (0ms)  (pid 7705)
Compiled token-input-mac.css  (0ms)  (pid 7705)
Compiled token-input.css  (0ms)  (pid 7705)
Compiled user.css  (0ms)  (pid 7705)
Compiled user_sessions.css  (151ms)  (pid 7705)
Compiled users.css  (0ms)  (pid 7705)
Compiled application.css  (4033ms)  (pid 7705)
Compiled jquery.js  (0ms)  (pid 11121)
Compiled jquery_ujs.js  (0ms)  (pid 11121)
Compiled bootstrap-dropdown.js  (0ms)  (pid 11121)
Compiled bootstrap-collapse.js  (0ms)  (pid 11121)
Compiled jquery-ui-1.8.18.core_widget_mouse_draggable_droppable_sortable.min.js  (0ms)  (pid 11121)
Compiled init.js  (99ms)  (pid 11121)
Compiled kalendae.js  (1ms)  (pid 11121)
Compiled ajax_calls.js  (0ms)  (pid 11121)
Compiled page_specific_execution.js  (117ms)  (pid 11121)
Compiled application.js  (328ms)  (pid 11121)
Compiled pagination.css  (0ms)  (pid 11121)
Compiled accounts.css  (478ms)  (pid 11121)
Compiled activity.css  (1ms)  (pid 11121)
Compiled assignments.css  (834ms)  (pid 11121)
Compiled autoSuggest.css  (0ms)  (pid 11121)
Compiled comments.css  (1ms)  (pid 11121)
Compiled course_memberships.css  (1ms)  (pid 11121)
Compiled courses.css  (4ms)  (pid 11121)
Compiled forum-monster.css  (0ms)  (pid 11121)
Compiled jquery.ui.accordion.css  (0ms)  (pid 11121)
Compiled jquery.ui.all.css  (0ms)  (pid 11121)
Compiled jquery.ui.autocomplete.css  (0ms)  (pid 11121)
Compiled jquery.ui.base.css  (0ms)  (pid 11121)
Compiled jquery.ui.button.css  (0ms)  (pid 11121)
Compiled jquery.ui.core.css  (0ms)  (pid 11121)
Compiled jquery.ui.datepicker.css  (0ms)  (pid 11121)
Compiled jquery.ui.dialog.css  (0ms)  (pid 11121)
Compiled jquery.ui.menu.css  (0ms)  (pid 11121)
Compiled jquery.ui.progressbar.css  (0ms)  (pid 11121)
Compiled jquery.ui.resizable.css  (0ms)  (pid 11121)
Compiled jquery.ui.selectable.css  (0ms)  (pid 11121)
Compiled jquery.ui.slider.css  (0ms)  (pid 11121)
Compiled jquery.ui.spinner.css  (0ms)  (pid 11121)
Compiled jquery.ui.tabs.css  (0ms)  (pid 11121)
Compiled jquery.ui.theme.css  (0ms)  (pid 11121)
Compiled jquery.ui.tooltip.css  (0ms)  (pid 11121)
Compiled layout.css  (1631ms)  (pid 11121)
Compiled kalendae.css  (0ms)  (pid 11121)
Compiled lectures.css  (220ms)  (pid 11121)
Compiled partials/_base.css  (1ms)  (pid 11121)
Compiled partials/_mixins.css  (164ms)  (pid 11121)
Compiled password_resets.css  (0ms)  (pid 11121)
Compiled profile.css  (0ms)  (pid 11121)
Compiled question_submissions.css  (0ms)  (pid 11121)
Compiled questions.css  (390ms)  (pid 11121)
Compiled rubric_items.css  (0ms)  (pid 11121)
Compiled table_ordering.css  (0ms)  (pid 11121)
Compiled tags.css  (1ms)  (pid 11121)
Compiled token-input-facebook.css  (0ms)  (pid 11121)
Compiled token-input-mac.css  (0ms)  (pid 11121)
Compiled token-input.css  (0ms)  (pid 11121)
Compiled user.css  (0ms)  (pid 11121)
Compiled user_sessions.css  (150ms)  (pid 11121)
Compiled users.css  (0ms)  (pid 11121)
Compiled application.css  (4646ms)  (pid 11121)
Compiled jquery.js  (0ms)  (pid 11121)
Compiled jquery_ujs.js  (0ms)  (pid 11121)
Compiled bootstrap-dropdown.js  (0ms)  (pid 11121)
Compiled bootstrap-collapse.js  (0ms)  (pid 11121)
Compiled jquery-ui-1.8.18.core_widget_mouse_draggable_droppable_sortable.min.js  (19ms)  (pid 11121)
Compiled init.js  (98ms)  (pid 11121)
Compiled kalendae.js  (1ms)  (pid 11121)
Compiled ajax_calls.js  (0ms)  (pid 11121)
Compiled page_specific_execution.js  (96ms)  (pid 11121)
Compiled application.js  (260ms)  (pid 11121)
Compiled pagination.css  (0ms)  (pid 11121)
Compiled accounts.css  (425ms)  (pid 11121)
Compiled activity.css  (1ms)  (pid 11121)
Compiled assignments.css  (781ms)  (pid 11121)
Compiled autoSuggest.css  (0ms)  (pid 11121)
Compiled comments.css  (0ms)  (pid 11121)
Compiled course_memberships.css  (0ms)  (pid 11121)
Compiled courses.css  (3ms)  (pid 11121)
Compiled forum-monster.css  (0ms)  (pid 11121)
Compiled jquery.ui.accordion.css  (0ms)  (pid 11121)
Compiled jquery.ui.all.css  (0ms)  (pid 11121)
Compiled jquery.ui.autocomplete.css  (0ms)  (pid 11121)
Compiled jquery.ui.base.css  (0ms)  (pid 11121)
Compiled jquery.ui.button.css  (0ms)  (pid 11121)
Compiled jquery.ui.core.css  (0ms)  (pid 11121)
Compiled jquery.ui.datepicker.css  (0ms)  (pid 11121)
Compiled jquery.ui.dialog.css  (0ms)  (pid 11121)
Compiled jquery.ui.menu.css  (0ms)  (pid 11121)
Compiled jquery.ui.progressbar.css  (0ms)  (pid 11121)
Compiled jquery.ui.resizable.css  (0ms)  (pid 11121)
Compiled jquery.ui.selectable.css  (0ms)  (pid 11121)
Compiled jquery.ui.slider.css  (0ms)  (pid 11121)
Compiled jquery.ui.spinner.css  (0ms)  (pid 11121)
Compiled jquery.ui.tabs.css  (0ms)  (pid 11121)
Compiled jquery.ui.theme.css  (0ms)  (pid 11121)
Compiled jquery.ui.tooltip.css  (0ms)  (pid 11121)
Compiled layout.css  (1576ms)  (pid 11121)
Compiled kalendae.css  (0ms)  (pid 11121)
Compiled lectures.css  (207ms)  (pid 11121)
Compiled partials/_base.css  (1ms)  (pid 11121)
Compiled partials/_mixins.css  (163ms)  (pid 11121)
Compiled password_resets.css  (0ms)  (pid 11121)
Compiled profile.css  (0ms)  (pid 11121)
Compiled question_submissions.css  (0ms)  (pid 11121)
Compiled questions.css  (360ms)  (pid 11121)
Compiled rubric_items.css  (0ms)  (pid 11121)
Compiled table_ordering.css  (0ms)  (pid 11121)
Compiled tags.css  (0ms)  (pid 11121)
Compiled token-input-facebook.css  (0ms)  (pid 11121)
Compiled token-input-mac.css  (0ms)  (pid 11121)
Compiled token-input.css  (0ms)  (pid 11121)
Compiled user.css  (0ms)  (pid 11121)
Compiled user_sessions.css  (149ms)  (pid 11121)
Compiled users.css  (0ms)  (pid 11121)
Compiled application.css  (3815ms)  (pid 11121)
